21964edad31811e688feb827ebf9045a [2017-01-05 12:55:27]: New connection: 200.200.200.7:50617
21964edad31811e688feb827ebf9045a [2017-01-05 12:55:27]: Client version: [SSH-2.0-PuTTY_Release_0.67]
21964edad31811e688feb827ebf9045a [2017-01-05 12:55:39]: Login failed [jarvis/lol]
21964edad31811e688feb827ebf9045a [2017-01-05 12:55:45]: Login failed [jarvis/root]
21964edad31811e688feb827ebf9045a [2017-01-05 12:55:50]: Login failed [jarvis/root]
21964edad31811e688feb827ebf9045a [2017-01-05 12:55:58]: Login failed [jarvis/mark99..]
21964edad31811e688feb827ebf9045a [2017-01-05 12:56:30]: Login failed [jarvis/exit]
21964edad31811e688feb827ebf9045a [2017-01-05 12:56:31]: Connection lost
4f69ebe6d31811e688feb827ebf9045a [2017-01-05 12:56:44]: New connection: 200.200.200.7:50619
4f69ebe6d31811e688feb827ebf9045a [2017-01-05 12:56:44]: Client version: [SSH-2.0-PuTTY_Release_0.67]
4f69ebe6d31811e688feb827ebf9045a [2017-01-05 12:56:52]: Login succeeded [root/root]
4f69ebe6d31811e688feb827ebf9045a [2017-01-05 12:56:52]: Terminal size: 80x24
4f69ebe6d31811e688feb827ebf9045a [2017-01-05 12:57:02]: Command [exit]
4f69ebe6d31811e688feb827ebf9045a [2017-01-05 12:57:02]: Connection lost
666e42b4d31911e688feb827ebf9045a [2017-01-05 13:04:32]: New connection: 200.200.200.7:50666
666e42b4d31911e688feb827ebf9045a [2017-01-05 13:04:32]: Client version: [SSH-2.0-PuTTY_Release_0.67]
666e42b4d31911e688feb827ebf9045a [2017-01-05 13:04:41]: Login succeeded [root/root]
666e42b4d31911e688feb827ebf9045a [2017-01-05 13:04:41]: Terminal size: 80x24
666e42b4d31911e688feb827ebf9045a [2017-01-05 13:04:51]: Command [wget]
666e42b4d31911e688feb827ebf9045a [2017-01-05 13:15:14]: Connection lost
1b8cc908d31b11e688feb827ebf9045a [2017-01-05 13:16:46]: New connection: 200.200.200.7:50790
1b8cc908d31b11e688feb827ebf9045a [2017-01-05 13:16:46]: Client version: [SSH-2.0-PuTTY_Release_0.67]
1b8cc908d31b11e688feb827ebf9045a [2017-01-05 13:16:56]: Login succeeded [root/root]
1b8cc908d31b11e688feb827ebf9045a [2017-01-05 13:16:56]: Terminal size: 80x24
1b8cc908d31b11e688feb827ebf9045a [2017-01-05 13:17:50]: Command [ls]
1b8cc908d31b11e688feb827ebf9045a [2017-01-05 13:17:52]: Command [ls]
1b8cc908d31b11e688feb827ebf9045a [2017-01-05 13:18:00]: Command [cd /]
1b8cc908d31b11e688feb827ebf9045a [2017-01-05 13:18:07]: Command [ls]
1b8cc908d31b11e688feb827ebf9045a [2017-01-05 13:18:31]: Command [mkdir fun@]
1b8cc908d31b11e688feb827ebf9045a [2017-01-05 13:18:33]: Command [ls]
1b8cc908d31b11e688feb827ebf9045a [2017-01-05 13:18:37]: Command [cd fun@/]
1b8cc908d31b11e688feb827ebf9045a [2017-01-05 13:18:49]: Command [mkdir a.txt]
1b8cc908d31b11e688feb827ebf9045a [2017-01-05 13:18:50]: Command [ls]
c4ce6dd2d32011e68810b827ebf9045a [2017-01-05 13:57:17]: New connection: 192.168.43.72:51035
c4ce6dd2d32011e68810b827ebf9045a [2017-01-05 13:57:17]: Client version: [SSH-2.0-PuTTY_Release_0.67]
c4ce6dd2d32011e68810b827ebf9045a [2017-01-05 13:57:26]: Login failed [jarvis/root]
c4ce6dd2d32011e68810b827ebf9045a [2017-01-05 13:58:59]: Connection lost
181e8db4d32111e68810b827ebf9045a [2017-01-05 13:59:37]: New connection: 192.168.43.72:51044
181e8db4d32111e68810b827ebf9045a [2017-01-05 13:59:37]: Client version: [SSH-2.0-PuTTY_Release_0.67]
181e8db4d32111e68810b827ebf9045a [2017-01-05 13:59:43]: Login succeeded [root/root]
181e8db4d32111e68810b827ebf9045a [2017-01-05 13:59:43]: Terminal size: 80x24
181e8db4d32111e68810b827ebf9045a [2017-01-05 14:00:40]: Command [cd /]
181e8db4d32111e68810b827ebf9045a [2017-01-05 14:00:41]: Command [ls]
98dfbb94d33011e69eedb827ebf9045a [2017-01-05 15:50:35]: New connection: 192.168.43.72:50458
98dfbb94d33011e69eedb827ebf9045a [2017-01-05 15:50:35]: Client version: [SSH-2.0-PuTTY_Release_0.67]
98dfbb94d33011e69eedb827ebf9045a [2017-01-05 15:50:41]: Login succeeded [root/root]
98dfbb94d33011e69eedb827ebf9045a [2017-01-05 15:50:42]: Terminal size: 80x24
98dfbb94d33011e69eedb827ebf9045a [2017-01-05 15:50:59]: Command [cd /]
98dfbb94d33011e69eedb827ebf9045a [2017-01-05 15:51:11]: Command [mkdir hacked]
98dfbb94d33011e69eedb827ebf9045a [2017-01-05 15:51:12]: Command [ls]
98dfbb94d33011e69eedb827ebf9045a [2017-01-05 16:15:30]: Command [exit]
98dfbb94d33011e69eedb827ebf9045a [2017-01-05 16:15:30]: Connection lost
bfca8710d6fb11e6b9b8b827ebf9045a [2017-01-10 11:42:22]: New connection: 192.168.43.156:49811
bfca8710d6fb11e6b9b8b827ebf9045a [2017-01-10 11:42:22]: Client version: [SSH-2.0-PuTTY_Release_0.67]
bfca8710d6fb11e6b9b8b827ebf9045a [2017-01-10 11:43:38]: Login failed [jarvis/root]
bfca8710d6fb11e6b9b8b827ebf9045a [2017-01-10 11:48:21]: Login failed [jarvis/exit]
bfca8710d6fb11e6b9b8b827ebf9045a [2017-01-10 11:55:29]: Connection lost
070681f8d5ce11e69e82b827ebac510f [2017-01-08 23:42:33]: New connection: 192.168.5.26:51437
070681f8d5ce11e69e82b827ebac510f [2017-01-08 23:42:33]: Client version: [SSH-2.0-PuTTY_Release_0.67]
070681f8d5ce11e69e82b827ebac510f [2017-01-08 23:43:05]: Login failed [root/toor]
070681f8d5ce11e69e82b827ebac510f [2017-01-08 23:43:16]: Login succeeded [root/root]
070681f8d5ce11e69e82b827ebac510f [2017-01-08 23:43:16]: Terminal size: 80x24
070681f8d5ce11e69e82b827ebac510f [2017-01-08 23:44:21]: Command [mkdir xxx]
070681f8d5ce11e69e82b827ebac510f [2017-01-12 11:02:02]: Unknown command [teri ma]
070681f8d5ce11e69e82b827ebac510f [2017-01-12 11:02:13]: Command [mkdir fuck]
070681f8d5ce11e69e82b827ebac510f [2017-01-12 11:02:33]: Command [exit]
070681f8d5ce11e69e82b827ebac510f [2017-01-12 11:02:33]: Connection lost
2e364c96d88911e69e82b827ebac510f [2017-01-12 11:07:18]: New connection: 192.168.5.26:53194
2e364c96d88911e69e82b827ebac510f [2017-01-12 11:07:21]: Client version: [SSH-2.0-PuTTY_Release_0.67]
2e364c96d88911e69e82b827ebac510f [2017-01-12 11:14:00]: Login failed [admin/admin123]
2e364c96d88911e69e82b827ebac510f [2017-01-12 11:15:15]: Login failed [admin/admin123]
2e364c96d88911e69e82b827ebac510f [2017-01-12 11:15:50]: Login succeeded [admin/admin]
2e364c96d88911e69e82b827ebac510f [2017-01-12 11:15:51]: Terminal size: 80x24
2e364c96d88911e69e82b827ebac510f [2017-01-12 11:18:24]: Command [wget http://songs1.djmazadownload.com/music/Singles/Pehli%20Dafa%20(Atif%20Aslam)%20-190Kbps%20[DJMaza.Life].mp3]
2e364c96d88911e69e82b827ebac510f [2017-01-12 11:19:19]: Command [wget http://songs1.djmazadownload.com/music/Singles/Pehli%20Dafa%20(Atif%20Aslam)%20-190Kbps%20[DJMaza.Life].mp3]
2e364c96d88911e69e82b827ebac510f [2017-01-12 11:19:19]: File download: [http://songs1.djmazadownload.com/music/Singles/Pehli%20Dafa%20(Atif%20Aslam)%20-190Kbps%20[DJMaza.Life].mp3] -> dl/20170112111919_http___songs1_djmazadownload_com_music_Singles_Pehli_20Dafa_20_Atif_20Aslam__20_190Kbps_20_DJMaza_Life__mp3
2e364c96d88911e69e82b827ebac510f [2017-01-12 11:32:45]: Command [cd root]
2e364c96d88911e69e82b827ebac510f [2017-01-12 11:32:54]: Command [cd /]
2e364c96d88911e69e82b827ebac510f [2017-01-12 11:32:58]: Command [ls]
2e364c96d88911e69e82b827ebac510f [2017-01-12 11:33:41]: Command [cd home]
2e364c96d88911e69e82b827ebac510f [2017-01-12 11:33:44]: Command [ls]
2e364c96d88911e69e82b827ebac510f [2017-01-12 11:33:54]: Command [ls]
2e364c96d88911e69e82b827ebac510f [2017-01-12 11:34:26]: Command [cd richard/]
2e364c96d88911e69e82b827ebac510f [2017-01-12 11:34:29]: Command [ls]
2e364c96d88911e69e82b827ebac510f [2017-01-12 11:34:43]: Unknown command [cd..]
2e364c96d88911e69e82b827ebac510f [2017-01-12 11:34:45]: Unknown command [cd...]
2e364c96d88911e69e82b827ebac510f [2017-01-12 11:34:48]: Command [cd ..]
2e364c96d88911e69e82b827ebac510f [2017-01-12 11:34:51]: Command [cd ..]
2e364c96d88911e69e82b827ebac510f [2017-01-12 11:34:52]: Command [cd ..]
2e364c96d88911e69e82b827ebac510f [2017-01-12 11:34:54]: Command [exit]
2e364c96d88911e69e82b827ebac510f [2017-01-12 11:34:54]: Connection lost
c1a8b0ccd8ac11e6bf3fb827ebf9045a [2017-01-12 15:21:57]: New connection: 192.168.43.156:49792
c1a8b0ccd8ac11e6bf3fb827ebf9045a [2017-01-12 15:21:57]: Client version: [SSH-2.0-PuTTY_Release_0.67]
c1a8b0ccd8ac11e6bf3fb827ebf9045a [2017-01-12 15:22:09]: Login failed [admin/aadmin]
c1a8b0ccd8ac11e6bf3fb827ebf9045a [2017-01-12 15:22:12]: Login succeeded [admin/admin]
c1a8b0ccd8ac11e6bf3fb827ebf9045a [2017-01-12 15:22:12]: Terminal size: 80x24
c1a8b0ccd8ac11e6bf3fb827ebf9045a [2017-01-12 15:23:53]: Command [ls]
c1a8b0ccd8ac11e6bf3fb827ebf9045a [2017-01-12 15:23:57]: Command [cd /]
c1a8b0ccd8ac11e6bf3fb827ebf9045a [2017-01-12 15:23:58]: Command [ls]
c1a8b0ccd8ac11e6bf3fb827ebf9045a [2017-01-12 15:24:05]: Command [mkdir bub]
c1a8b0ccd8ac11e6bf3fb827ebf9045a [2017-01-12 15:24:31]: Command [wget google]
4b9c3a48da5f11e69040b827ebf9045a [2017-01-14 19:12:30]: New connection: 200.200.200.9:48508
4b9c3a48da5f11e69040b827ebf9045a [2017-01-14 19:12:40]: Connection lost
538e4fc0da5f11e69040b827ebf9045a [2017-01-14 19:12:43]: New connection: 200.200.200.9:49052
538e4fc0da5f11e69040b827ebf9045a [2017-01-14 19:14:52]: Connection lost
d2769a50dccf11e6baa1b88687461261 [2017-01-17 21:43:02]: New connection: 192.168.1.5:1127
d2769a50dccf11e6baa1b88687461261 [2017-01-17 21:43:02]: Client version: [SSH-2.0-PuTTY_Release_0.63]
d2769a50dccf11e6baa1b88687461261 [2017-01-17 21:43:07]: Login succeeded [root/root]
d2769a50dccf11e6baa1b88687461261 [2017-01-17 21:43:07]: Terminal size: 81x43
d2769a50dccf11e6baa1b88687461261 [2017-01-17 21:43:22]: Unknown command [l]
d2769a50dccf11e6baa1b88687461261 [2017-01-17 21:43:23]: Command [ls]
d2769a50dccf11e6baa1b88687461261 [2017-01-17 21:43:27]: Command [pwd]
d2769a50dccf11e6baa1b88687461261 [2017-01-17 21:43:32]: Command [cd `]
d2769a50dccf11e6baa1b88687461261 [2017-01-17 21:43:34]: Command [cd ~]
d2769a50dccf11e6baa1b88687461261 [2017-01-17 21:43:35]: Command [ls]
d2769a50dccf11e6baa1b88687461261 [2017-01-17 21:43:56]: Command [clear]
d2769a50dccf11e6baa1b88687461261 [2017-01-17 21:44:12]: Command [top]
d2769a50dccf11e6baa1b88687461261 [2017-01-17 21:44:24]: Command [exit]
d2769a50dccf11e6baa1b88687461261 [2017-01-17 21:44:24]: Connection lost
0fbda5f2dcd011e6baa1b88687461261 [2017-01-17 21:44:45]: New connection: 192.168.1.5:1128
0fbda5f2dcd011e6baa1b88687461261 [2017-01-17 21:44:45]: Client version: [SSH-2.0-PuTTY_Release_0.63]
0fbda5f2dcd011e6baa1b88687461261 [2017-01-17 21:44:49]: Login succeeded [admin/admin]
0fbda5f2dcd011e6baa1b88687461261 [2017-01-17 21:44:49]: Terminal size: 80x24
0fbda5f2dcd011e6baa1b88687461261 [2017-01-17 21:44:52]: Command [ls]
0fbda5f2dcd011e6baa1b88687461261 [2017-01-17 21:44:55]: Command [whoami]
0fbda5f2dcd011e6baa1b88687461261 [2017-01-17 21:45:07]: Command [pwd]
0fbda5f2dcd011e6baa1b88687461261 [2017-01-17 21:45:26]: Command [cd ..]
0fbda5f2dcd011e6baa1b88687461261 [2017-01-17 21:45:26]: Command [ls]
0fbda5f2dcd011e6baa1b88687461261 [2017-01-17 21:45:31]: Command [cd /home]
0fbda5f2dcd011e6baa1b88687461261 [2017-01-17 21:45:32]: Command [ls]
0fbda5f2dcd011e6baa1b88687461261 [2017-01-17 21:45:38]: Command [cd richard/]
0fbda5f2dcd011e6baa1b88687461261 [2017-01-17 21:45:38]: Command [ls]
0fbda5f2dcd011e6baa1b88687461261 [2017-01-17 21:45:49]: Command [mkdir Desktop]
0fbda5f2dcd011e6baa1b88687461261 [2017-01-17 21:45:50]: Command [ls]
0fbda5f2dcd011e6baa1b88687461261 [2017-01-17 21:45:55]: Command [cd Desktop/]
0fbda5f2dcd011e6baa1b88687461261 [2017-01-17 21:45:57]: Command [ls]
0fbda5f2dcd011e6baa1b88687461261 [2017-01-17 21:46:03]: Unknown command [nano LOL.py]
0fbda5f2dcd011e6baa1b88687461261 [2017-01-17 21:46:07]: Connection lost
70864ecedcd111e6baa1b88687461261 [2017-01-17 21:54:37]: New connection: 192.168.1.5:1273
70864ecedcd111e6baa1b88687461261 [2017-01-17 21:54:37]: Client version: [SSH-2.0-PuTTY_Release_0.63]
70864ecedcd111e6baa1b88687461261 [2017-01-17 21:54:51]: Login succeeded [admin/admin]
70864ecedcd111e6baa1b88687461261 [2017-01-17 21:54:51]: Terminal size: 81x43
70864ecedcd111e6baa1b88687461261 [2017-01-17 21:54:55]: Command [ls]
70864ecedcd111e6baa1b88687461261 [2017-01-17 21:54:57]: Unknown command [op]
70864ecedcd111e6baa1b88687461261 [2017-01-17 21:54:58]: Command [top]
70864ecedcd111e6baa1b88687461261 [2017-01-17 21:55:07]: Command [reboot]
70864ecedcd111e6baa1b88687461261 [2017-01-17 21:55:37]: Unknown command [nano]
70864ecedcd111e6baa1b88687461261 [2017-01-17 21:56:10]: Command [su root]
70864ecedcd111e6baa1b88687461261 [2017-01-17 21:56:14]: Command [exit]
70864ecedcd111e6baa1b88687461261 [2017-01-17 21:56:14]: Connection lost
bff1e624dcd311e6baa1b88687461261 [2017-01-17 22:11:09]: New connection: 192.168.1.6:48959
bff1e624dcd311e6baa1b88687461261 [2017-01-17 22:11:09]: Client version: [SSH-2.0-PuTTY_Release_0.67]
bff1e624dcd311e6baa1b88687461261 [2017-01-17 22:11:19]: Login succeeded [admin/admin]
bff1e624dcd311e6baa1b88687461261 [2017-01-17 22:11:19]: Terminal size: 80x24
bff1e624dcd311e6baa1b88687461261 [2017-01-17 22:11:33]: Command [ls]
bff1e624dcd311e6baa1b88687461261 [2017-01-17 22:14:37]: Command [mkdir aa]
ab99ae2cdcd411e6baa1b88687461261 [2017-01-17 22:17:45]: New connection: 192.168.1.6:49139
ab99ae2cdcd411e6baa1b88687461261 [2017-01-17 22:17:45]: Client version: [SSH-2.0-PuTTY_Release_0.67]
b01d74badcd411e6baa1b88687461261 [2017-01-17 22:17:52]: New connection: 192.168.1.6:57128
b01d74badcd411e6baa1b88687461261 [2017-01-17 22:17:52]: Client version: [SSH-2.0-PuTTY_Release_0.67]
b01d74badcd411e6baa1b88687461261 [2017-01-17 22:18:05]: Login failed [admin/adnin]
b01d74badcd411e6baa1b88687461261 [2017-01-17 22:18:12]: Login succeeded [admin/admin]
b01d74badcd411e6baa1b88687461261 [2017-01-17 22:18:12]: Terminal size: 80x24
b01d74badcd411e6baa1b88687461261 [2017-01-17 22:18:20]: Command [mkdir fuck gahan]
b01d74badcd411e6baa1b88687461261 [2017-01-17 22:25:31]: Connection lost
c2999b18dcd511e6baa1b88687461261 [2017-01-17 22:25:33]: New connection: 192.168.1.6:55164
c2999b18dcd511e6baa1b88687461261 [2017-01-17 22:25:33]: Client version: [SSH-2.0-PuTTY_Release_0.67]
c2999b18dcd511e6baa1b88687461261 [2017-01-17 22:26:02]: Login succeeded [admin/admin]
c2999b18dcd511e6baa1b88687461261 [2017-01-17 22:26:02]: Terminal size: 80x24
c2999b18dcd511e6baa1b88687461261 [2017-01-17 22:26:40]: Command [mkdir ...]
c2999b18dcd511e6baa1b88687461261 [2017-01-17 22:27:15]: Connection lost
bff1e624dcd311e6baa1b88687461261 [2017-01-17 22:27:25]: Connection lost
ab99ae2cdcd411e6baa1b88687461261 [2017-01-17 22:27:25]: Connection lost
0d203a16dcd611e6baa1b88687461261 [2017-01-17 22:27:38]: New connection: 192.168.1.6:40992
0d203a16dcd611e6baa1b88687461261 [2017-01-17 22:27:38]: Client version: [SSH-2.0-PuTTY_Release_0.67]
0d203a16dcd611e6baa1b88687461261 [2017-01-17 22:27:55]: Login succeeded [admin/admin]
0d203a16dcd611e6baa1b88687461261 [2017-01-17 22:27:55]: Terminal size: 80x24
0d203a16dcd611e6baa1b88687461261 [2017-01-17 22:28:02]: Command [mkdir kmmk]
0d203a16dcd611e6baa1b88687461261 [2017-01-17 22:32:10]: Connection lost
d3403a5cdcd611e6baa1b88687461261 [2017-01-17 22:33:10]: New connection: 192.168.1.6:44343
d3403a5cdcd611e6baa1b88687461261 [2017-01-17 22:33:10]: Client version: [SSH-2.0-PuTTY_Release_0.67]
d3403a5cdcd611e6baa1b88687461261 [2017-01-17 22:33:19]: Login succeeded [admin/admin]
d3403a5cdcd611e6baa1b88687461261 [2017-01-17 22:33:19]: Terminal size: 80x24
d3403a5cdcd611e6baa1b88687461261 [2017-01-17 22:33:23]: Unknown command [aaasdlflh]
d3403a5cdcd611e6baa1b88687461261 [2017-01-17 22:34:25]: Connection lost
01d30f66dcd711e6baa1b88687461261 [2017-01-17 22:34:28]: New connection: 192.168.1.6:58033
01d30f66dcd711e6baa1b88687461261 [2017-01-17 22:34:28]: Client version: [SSH-2.0-PuTTY_Release_0.67]
01d30f66dcd711e6baa1b88687461261 [2017-01-17 22:34:35]: Login succeeded [admin/admin]
01d30f66dcd711e6baa1b88687461261 [2017-01-17 22:34:35]: Terminal size: 80x24
01d30f66dcd711e6baa1b88687461261 [2017-01-17 22:34:37]: Unknown command [aaaa]
01d30f66dcd711e6baa1b88687461261 [2017-01-17 22:35:06]: Connection lost
a32a845cdcd711e6baa1b88687461261 [2017-01-17 22:38:59]: New connection: 192.168.1.6:41843
a32a845cdcd711e6baa1b88687461261 [2017-01-17 22:38:59]: Client version: [SSH-2.0-PuTTY_Release_0.67]
a32a845cdcd711e6baa1b88687461261 [2017-01-17 22:39:09]: Login succeeded [admin/admin]
a32a845cdcd711e6baa1b88687461261 [2017-01-17 22:39:09]: Terminal size: 80x24
a32a845cdcd711e6baa1b88687461261 [2017-01-17 22:39:13]: Unknown command [aaaaaaaaaa]
a32a845cdcd711e6baa1b88687461261 [2017-01-17 22:39:15]: Unknown command [topa]
a32a845cdcd711e6baa1b88687461261 [2017-01-17 22:42:13]: Connection lost
2ef78ffcdcd811e6baa1b88687461261 [2017-01-17 22:42:54]: New connection: 192.168.1.6:40231
2ef78ffcdcd811e6baa1b88687461261 [2017-01-17 22:42:54]: Client version: [SSH-2.0-PuTTY_Release_0.67]
2ef78ffcdcd811e6baa1b88687461261 [2017-01-17 22:43:01]: Login succeeded [admin/admin]
2ef78ffcdcd811e6baa1b88687461261 [2017-01-17 22:43:01]: Terminal size: 80x24
2ef78ffcdcd811e6baa1b88687461261 [2017-01-17 22:43:05]: Command [ls]
2ef78ffcdcd811e6baa1b88687461261 [2017-01-17 22:43:07]: Command [top]
2ef78ffcdcd811e6baa1b88687461261 [2017-01-17 22:43:16]: Command [reboot]
2ef78ffcdcd811e6baa1b88687461261 [2017-01-17 23:20:22]: Connection lost
7e701decdcdd11e6baa1b88687461261 [2017-01-17 23:20:54]: New connection: 192.168.1.6:41434
7e701decdcdd11e6baa1b88687461261 [2017-01-17 23:20:54]: Client version: [SSH-2.0-PuTTY_Release_0.67]
7e701decdcdd11e6baa1b88687461261 [2017-01-17 23:21:09]: Login succeeded [admin/admin]
7e701decdcdd11e6baa1b88687461261 [2017-01-17 23:21:09]: Terminal size: 80x24
7e701decdcdd11e6baa1b88687461261 [2017-01-17 23:21:12]: Unknown command [aaaa]
7e701decdcdd11e6baa1b88687461261 [2017-01-17 23:22:10]: Connection lost
b9c49a9edcdd11e6baa1b88687461261 [2017-01-17 23:22:34]: New connection: 192.168.1.6:45530
b9c49a9edcdd11e6baa1b88687461261 [2017-01-17 23:22:34]: Client version: [SSH-2.0-PuTTY_Release_0.67]
b9c49a9edcdd11e6baa1b88687461261 [2017-01-17 23:22:41]: Login succeeded [admin/admin]
b9c49a9edcdd11e6baa1b88687461261 [2017-01-17 23:22:41]: Terminal size: 80x24
b9c49a9edcdd11e6baa1b88687461261 [2017-01-17 23:23:30]: Connection lost
dc3fc2d8dcdd11e6baa1b88687461261 [2017-01-17 23:23:32]: New connection: 192.168.1.6:58495
dc3fc2d8dcdd11e6baa1b88687461261 [2017-01-17 23:23:32]: Client version: [SSH-2.0-PuTTY_Release_0.67]
dc3fc2d8dcdd11e6baa1b88687461261 [2017-01-17 23:23:37]: Login succeeded [admin/admin]
dc3fc2d8dcdd11e6baa1b88687461261 [2017-01-17 23:23:38]: Terminal size: 80x24
dc3fc2d8dcdd11e6baa1b88687461261 [2017-01-17 23:23:55]: Unknown command [hhh]
dc3fc2d8dcdd11e6baa1b88687461261 [2017-01-17 23:23:58]: Unknown command [ggg]
dc3fc2d8dcdd11e6baa1b88687461261 [2017-01-17 23:24:01]: Unknown command [ggg]
dc3fc2d8dcdd11e6baa1b88687461261 [2017-01-17 23:24:07]: Connection lost
03fd54b6dcde11e6baa1b88687461261 [2017-01-17 23:24:38]: New connection: 192.168.1.6:52192
03fd54b6dcde11e6baa1b88687461261 [2017-01-17 23:24:38]: Client version: [SSH-2.0-PuTTY_Release_0.67]
03fd54b6dcde11e6baa1b88687461261 [2017-01-17 23:24:44]: Login succeeded [admin/admin]
03fd54b6dcde11e6baa1b88687461261 [2017-01-17 23:24:44]: Terminal size: 80x24
03fd54b6dcde11e6baa1b88687461261 [2017-01-17 23:24:47]: Unknown command [wwwwwww]
4a6bfdf8dcde11e6baa1b88687461261 [2017-01-17 23:26:37]: New connection: 192.168.1.6:42310
03fd54b6dcde11e6baa1b88687461261 [2017-01-17 23:26:37]: Connection lost
4a6bfdf8dcde11e6baa1b88687461261 [2017-01-17 23:26:37]: Connection lost
4ef01c88dcde11e6baa1b88687461261 [2017-01-17 23:26:44]: New connection: 192.168.1.6:47849
4ef01c88dcde11e6baa1b88687461261 [2017-01-17 23:26:44]: Client version: [SSH-2.0-PuTTY_Release_0.67]
4ef01c88dcde11e6baa1b88687461261 [2017-01-17 23:26:50]: Login succeeded [admin/admin]
4ef01c88dcde11e6baa1b88687461261 [2017-01-17 23:26:50]: Terminal size: 80x24
4ef01c88dcde11e6baa1b88687461261 [2017-01-17 23:27:26]: Unknown command [bh]
4ef01c88dcde11e6baa1b88687461261 [2017-01-17 23:28:04]: Connection lost
8f736148dcde11e6baa1b88687461261 [2017-01-17 23:28:32]: New connection: 192.168.1.6:53798
8f736148dcde11e6baa1b88687461261 [2017-01-17 23:28:32]: Client version: [SSH-2.0-PuTTY_Release_0.67]
8f736148dcde11e6baa1b88687461261 [2017-01-17 23:28:39]: Login succeeded [admin/admin]
8f736148dcde11e6baa1b88687461261 [2017-01-17 23:28:39]: Terminal size: 80x24
8f736148dcde11e6baa1b88687461261 [2017-01-17 23:31:18]: Connection lost
fe5c8a6cdcde11e6baa1b88687461261 [2017-01-17 23:31:38]: New connection: 192.168.1.6:51940
fe5c8a6cdcde11e6baa1b88687461261 [2017-01-17 23:31:38]: Client version: [SSH-2.0-PuTTY_Release_0.67]
fe5c8a6cdcde11e6baa1b88687461261 [2017-01-17 23:31:55]: Login succeeded [admin/admin]
fe5c8a6cdcde11e6baa1b88687461261 [2017-01-17 23:31:55]: Terminal size: 80x24
fe5c8a6cdcde11e6baa1b88687461261 [2017-01-17 23:33:25]: Connection lost
67c2d6a0dcdf11e6baa1b88687461261 [2017-01-17 23:34:35]: New connection: 192.168.1.6:34620
67c2d6a0dcdf11e6baa1b88687461261 [2017-01-17 23:34:35]: Client version: [SSH-2.0-PuTTY_Release_0.67]
67c2d6a0dcdf11e6baa1b88687461261 [2017-01-17 23:34:42]: Login succeeded [admin/admin]
67c2d6a0dcdf11e6baa1b88687461261 [2017-01-17 23:34:42]: Terminal size: 80x24
67c2d6a0dcdf11e6baa1b88687461261 [2017-01-17 23:34:44]: Unknown command [aass]
67c2d6a0dcdf11e6baa1b88687461261 [2017-01-17 23:34:45]: Unknown command [aaas]
67c2d6a0dcdf11e6baa1b88687461261 [2017-01-17 23:34:46]: Unknown command [aaa]
67c2d6a0dcdf11e6baa1b88687461261 [2017-01-17 23:36:35]: Connection lost
18a46a60dce011e6baa1b88687461261 [2017-01-17 23:39:32]: New connection: 192.168.1.6:60392
18a46a60dce011e6baa1b88687461261 [2017-01-17 23:39:32]: Client version: [SSH-2.0-PuTTY_Release_0.67]
18a46a60dce011e6baa1b88687461261 [2017-01-17 23:39:41]: Login succeeded [admin/admin]
18a46a60dce011e6baa1b88687461261 [2017-01-17 23:39:41]: Terminal size: 80x24
18a46a60dce011e6baa1b88687461261 [2017-01-17 23:39:48]: Unknown command [hh]
18a46a60dce011e6baa1b88687461261 [2017-01-17 23:40:36]: Connection lost
c33c59cedce011e6baa1b88687461261 [2017-01-17 23:44:18]: New connection: 192.168.1.6:55091
c33c59cedce011e6baa1b88687461261 [2017-01-17 23:44:18]: Client version: [SSH-2.0-PuTTY_Release_0.67]
c697b96adce011e6baa1b88687461261 [2017-01-17 23:44:24]: New connection: 192.168.1.6:46245
c697b96adce011e6baa1b88687461261 [2017-01-17 23:44:24]: Client version: [SSH-2.0-PuTTY_Release_0.67]
c697b96adce011e6baa1b88687461261 [2017-01-17 23:44:33]: Connection lost
c33c59cedce011e6baa1b88687461261 [2017-01-17 23:44:33]: Connection lost
d2bd50badce011e6baa1b88687461261 [2017-01-17 23:44:44]: New connection: 192.168.1.6:53053
d2bd50badce011e6baa1b88687461261 [2017-01-17 23:44:44]: Client version: [SSH-2.0-PuTTY_Release_0.67]
d2bd50badce011e6baa1b88687461261 [2017-01-17 23:44:50]: Login succeeded [admin/admin]
d2bd50badce011e6baa1b88687461261 [2017-01-17 23:44:50]: Terminal size: 80x24
d2bd50badce011e6baa1b88687461261 [2017-01-17 23:44:56]: Unknown command [ZDD]
d2bd50badce011e6baa1b88687461261 [2017-01-17 23:45:50]: Connection lost
07b846bcdce111e6baa1b88687461261 [2017-01-17 23:46:13]: New connection: 192.168.1.6:46297
07b846bcdce111e6baa1b88687461261 [2017-01-17 23:46:13]: Client version: [SSH-2.0-PuTTY_Release_0.67]
07b846bcdce111e6baa1b88687461261 [2017-01-17 23:46:22]: Login succeeded [admin/admin]
07b846bcdce111e6baa1b88687461261 [2017-01-17 23:46:22]: Terminal size: 80x24
07b846bcdce111e6baa1b88687461261 [2017-01-17 23:46:25]: Unknown command [bbb]
07b846bcdce111e6baa1b88687461261 [2017-01-17 23:46:48]: Connection lost
5888f7eedce111e6baa1b88687461261 [2017-01-17 23:48:29]: New connection: 192.168.1.6:38259
5888f7eedce111e6baa1b88687461261 [2017-01-17 23:48:29]: Client version: [SSH-2.0-PuTTY_Release_0.67]
5888f7eedce111e6baa1b88687461261 [2017-01-17 23:48:35]: Login succeeded [admin/admin]
5888f7eedce111e6baa1b88687461261 [2017-01-17 23:48:35]: Terminal size: 80x24
5888f7eedce111e6baa1b88687461261 [2017-01-17 23:48:37]: Unknown command [jj]
5888f7eedce111e6baa1b88687461261 [2017-01-17 23:49:33]: Connection lost
920b341edce111e6baa1b88687461261 [2017-01-17 23:50:05]: New connection: 192.168.1.6:56111
920b341edce111e6baa1b88687461261 [2017-01-17 23:50:05]: Client version: [SSH-2.0-PuTTY_Release_0.67]
920b341edce111e6baa1b88687461261 [2017-01-17 23:50:11]: Login succeeded [admin/admin]
920b341edce111e6baa1b88687461261 [2017-01-17 23:50:11]: Terminal size: 80x24
920b341edce111e6baa1b88687461261 [2017-01-17 23:50:13]: Unknown command [hh]
920b341edce111e6baa1b88687461261 [2017-01-17 23:50:27]: Unknown command [ggg]
920b341edce111e6baa1b88687461261 [2017-01-17 23:50:35]: Connection lost
ae2b02a0dce111e6baa1b88687461261 [2017-01-17 23:50:52]: New connection: 192.168.1.6:56367
ae2b02a0dce111e6baa1b88687461261 [2017-01-17 23:50:52]: Client version: [SSH-2.0-PuTTY_Release_0.67]
ae2b02a0dce111e6baa1b88687461261 [2017-01-17 23:51:01]: Login succeeded [admin/admin]
ae2b02a0dce111e6baa1b88687461261 [2017-01-17 23:51:01]: Terminal size: 80x24
ae2b02a0dce111e6baa1b88687461261 [2017-01-17 23:52:07]: Connection lost
9704de5cdd9f11e6a54eb88687461261 [2017-01-18 22:30:18]: New connection: 192.168.1.4:43954
9704de5cdd9f11e6a54eb88687461261 [2017-01-18 22:30:18]: Client version: [SSH-2.0-PuTTY_Release_0.67]
9704de5cdd9f11e6a54eb88687461261 [2017-01-18 22:30:24]: Login failed [admin/Kim Kardashian]
9704de5cdd9f11e6a54eb88687461261 [2017-01-18 22:30:26]: Login failed [admin/]
9704de5cdd9f11e6a54eb88687461261 [2017-01-18 22:30:29]: Login succeeded [admin/admin]
9704de5cdd9f11e6a54eb88687461261 [2017-01-18 22:30:29]: Terminal size: 80x24
9704de5cdd9f11e6a54eb88687461261 [2017-01-18 22:30:33]: Unknown command [asd]
9704de5cdd9f11e6a54eb88687461261 [2017-01-18 22:30:34]: Command [ls]
9704de5cdd9f11e6a54eb88687461261 [2017-01-18 22:31:37]: Connection lost
cfad91eadd9f11e6a54eb88687461261 [2017-01-18 22:31:53]: New connection: 192.168.1.4:45374
cfad91eadd9f11e6a54eb88687461261 [2017-01-18 22:31:53]: Client version: [SSH-2.0-PuTTY_Release_0.67]
cfad91eadd9f11e6a54eb88687461261 [2017-01-18 22:32:02]: Login succeeded [admin/admin]
cfad91eadd9f11e6a54eb88687461261 [2017-01-18 22:32:02]: Terminal size: 80x24
cfad91eadd9f11e6a54eb88687461261 [2017-01-18 22:32:07]: Command [top]
cfad91eadd9f11e6a54eb88687461261 [2017-01-18 22:32:25]: Connection lost
3e54e760dda011e6a54eb88687461261 [2017-01-18 22:34:59]: New connection: 192.168.1.4:47127
3e54e760dda011e6a54eb88687461261 [2017-01-18 22:34:59]: Client version: [SSH-2.0-PuTTY_Release_0.67]
3e54e760dda011e6a54eb88687461261 [2017-01-18 22:35:03]: Login succeeded [admin/admin]
3e54e760dda011e6a54eb88687461261 [2017-01-18 22:35:03]: Terminal size: 80x24
3e54e760dda011e6a54eb88687461261 [2017-01-18 22:35:05]: Unknown command [ssd]
3e54e760dda011e6a54eb88687461261 [2017-01-18 22:35:08]: Command [top]
3e54e760dda011e6a54eb88687461261 [2017-01-18 22:35:52]: Connection lost
191d65fcdda111e6a54eb88687461261 [2017-01-18 22:41:06]: New connection: 192.168.1.4:59089
191d65fcdda111e6a54eb88687461261 [2017-01-18 22:41:06]: Client version: [SSH-2.0-PuTTY_Release_0.67]
191d65fcdda111e6a54eb88687461261 [2017-01-18 22:41:15]: Login succeeded [admin/admin]
191d65fcdda111e6a54eb88687461261 [2017-01-18 22:41:15]: Terminal size: 80x24
191d65fcdda111e6a54eb88687461261 [2017-01-18 22:41:25]: Unknown command [rebolt]
191d65fcdda111e6a54eb88687461261 [2017-01-18 22:41:28]: Command [reboot]
191d65fcdda111e6a54eb88687461261 [2017-01-18 22:42:46]: Connection lost
605f8f44dda111e6a54eb88687461261 [2017-01-18 22:43:05]: New connection: 192.168.1.4:58158
605f8f44dda111e6a54eb88687461261 [2017-01-18 22:43:05]: Client version: [SSH-2.0-PuTTY_Release_0.67]
605f8f44dda111e6a54eb88687461261 [2017-01-18 22:43:14]: Login succeeded [admin/admin]
605f8f44dda111e6a54eb88687461261 [2017-01-18 22:43:14]: Terminal size: 80x24
605f8f44dda111e6a54eb88687461261 [2017-01-18 22:43:18]: Unknown command [sddfg]
605f8f44dda111e6a54eb88687461261 [2017-01-18 22:43:20]: Command [top]
605f8f44dda111e6a54eb88687461261 [2017-01-18 22:43:23]: Unknown command [hutiya]
605f8f44dda111e6a54eb88687461261 [2017-01-18 22:49:58]: Connection lost
6b3a694cdda211e6a54eb88687461261 [2017-01-18 22:50:33]: New connection: 192.168.1.4:41673
6b3a694cdda211e6a54eb88687461261 [2017-01-18 22:50:34]: Connection lost
6ee2ef10dda211e6a54eb88687461261 [2017-01-18 22:50:39]: New connection: 192.168.1.4:34615
6ee2ef10dda211e6a54eb88687461261 [2017-01-18 22:50:39]: Client version: [SSH-2.0-PuTTY_Release_0.67]
6ee2ef10dda211e6a54eb88687461261 [2017-01-18 22:50:46]: Login failed [ /admin]
6ee2ef10dda211e6a54eb88687461261 [2017-01-18 22:50:47]: Login failed [ /]
6ee2ef10dda211e6a54eb88687461261 [2017-01-18 22:50:51]: Login failed [ /ad.in]
78d6337edda211e6a54eb88687461261 [2017-01-18 22:50:56]: New connection: 192.168.1.4:54219
78d6337edda211e6a54eb88687461261 [2017-01-18 22:50:56]: Client version: [SSH-2.0-PuTTY_Release_0.67]
78d6337edda211e6a54eb88687461261 [2017-01-18 22:51:03]: Login succeeded [admin/admin]
78d6337edda211e6a54eb88687461261 [2017-01-18 22:51:03]: Terminal size: 80x24
78d6337edda211e6a54eb88687461261 [2017-01-18 22:51:07]: Unknown command [top..]
78d6337edda211e6a54eb88687461261 [2017-01-18 22:51:33]: Connection lost
6ee2ef10dda211e6a54eb88687461261 [2017-01-18 22:51:33]: Connection lost
8ecac23edda311e6a54eb88687461261 [2017-01-18 22:58:42]: New connection: 192.168.1.4:58096
8ecac23edda311e6a54eb88687461261 [2017-01-18 22:58:42]: Client version: [SSH-2.0-PuTTY_Release_0.67]
8ecac23edda311e6a54eb88687461261 [2017-01-18 22:58:48]: Login succeeded [admin/admin]
8ecac23edda311e6a54eb88687461261 [2017-01-18 22:58:48]: Terminal size: 80x24
8ecac23edda311e6a54eb88687461261 [2017-01-18 22:58:50]: Unknown command [ssdd]
8ecac23edda311e6a54eb88687461261 [2017-01-18 23:00:58]: Connection lost
2fb037e2dda411e6a54eb88687461261 [2017-01-18 23:03:12]: New connection: 192.168.1.4:61000
2fb037e2dda411e6a54eb88687461261 [2017-01-18 23:03:12]: Client version: [SSH-2.0-PuTTY_Release_0.67]
2fb037e2dda411e6a54eb88687461261 [2017-01-18 23:03:23]: Login succeeded [admin/admin]
2fb037e2dda411e6a54eb88687461261 [2017-01-18 23:03:23]: Terminal size: 80x24
2fb037e2dda411e6a54eb88687461261 [2017-01-18 23:03:37]: Unknown command [fh]
2fb037e2dda411e6a54eb88687461261 [2017-01-18 23:04:27]: Unknown command [djgg]
2fb037e2dda411e6a54eb88687461261 [2017-01-18 23:13:01]: Connection lost
a10ca266dda611e6a54eb88687461261 [2017-01-18 23:20:41]: New connection: 192.168.1.4:53928
a10ca266dda611e6a54eb88687461261 [2017-01-18 23:20:41]: Client version: [SSH-2.0-PuTTY_Release_0.67]
a10ca266dda611e6a54eb88687461261 [2017-01-18 23:20:47]: Login succeeded [admin/admin]
a10ca266dda611e6a54eb88687461261 [2017-01-18 23:20:47]: Terminal size: 80x24
a10ca266dda611e6a54eb88687461261 [2017-01-18 23:21:06]: Command [ls]
a10ca266dda611e6a54eb88687461261 [2017-01-18 23:21:45]: Connection lost
e6edf884dda611e6a54eb88687461261 [2017-01-18 23:22:39]: New connection: 192.168.1.4:49647
e6edf884dda611e6a54eb88687461261 [2017-01-18 23:22:39]: Client version: [SSH-2.0-PuTTY_Release_0.67]
e6edf884dda611e6a54eb88687461261 [2017-01-18 23:22:48]: Login succeeded [admin/admin]
e6edf884dda611e6a54eb88687461261 [2017-01-18 23:22:48]: Terminal size: 80x24
e6edf884dda611e6a54eb88687461261 [2017-01-18 23:22:56]: Command [shutdown]
e6edf884dda611e6a54eb88687461261 [2017-01-18 23:23:04]: Command [reboot]
e6edf884dda611e6a54eb88687461261 [2017-01-18 23:24:36]: Connection lost
2f31936cdda711e6a54eb88687461261 [2017-01-18 23:24:40]: New connection: 192.168.1.4:46553
2f31936cdda711e6a54eb88687461261 [2017-01-18 23:24:40]: Client version: [SSH-2.0-PuTTY_Release_0.67]
2f31936cdda711e6a54eb88687461261 [2017-01-18 23:24:44]: Login failed [user/assdd]
2f31936cdda711e6a54eb88687461261 [2017-01-18 23:27:03]: Connection lost
9936e08cdda711e6a54eb88687461261 [2017-01-18 23:27:38]: New connection: 192.168.1.4:42890
9936e08cdda711e6a54eb88687461261 [2017-01-18 23:27:38]: Client version: [SSH-2.0-PuTTY_Release_0.67]
9936e08cdda711e6a54eb88687461261 [2017-01-18 23:27:45]: Login succeeded [admin/admin]
9936e08cdda711e6a54eb88687461261 [2017-01-18 23:27:45]: Terminal size: 80x24
9936e08cdda711e6a54eb88687461261 [2017-01-18 23:27:54]: Unknown command [aa]
9936e08cdda711e6a54eb88687461261 [2017-01-18 23:28:01]: Unknown command [topa avyu]
9936e08cdda711e6a54eb88687461261 [2017-01-18 23:34:23]: Connection lost
dd53c444dedb11e6825eb88687461261 [2017-01-20 12:14:17]: New connection: 192.168.0.102:42257
dd53c444dedb11e6825eb88687461261 [2017-01-20 12:14:17]: Client version: [SSH-2.0-PuTTY_Release_0.67]
dd53c444dedb11e6825eb88687461261 [2017-01-20 12:14:27]: Login succeeded [admin/admin]
dd53c444dedb11e6825eb88687461261 [2017-01-20 12:14:28]: Terminal size: 80x24
dd53c444dedb11e6825eb88687461261 [2017-01-20 12:14:32]: Unknown command [Hello..]
dd53c444dedb11e6825eb88687461261 [2017-01-20 12:14:34]: Command [top]
dd53c444dedb11e6825eb88687461261 [2017-01-20 12:14:35]: Command [ls]
dd53c444dedb11e6825eb88687461261 [2017-01-20 12:20:55]: Connection lost
ee2ae0bcdedc11e6825eb88687461261 [2017-01-20 12:21:55]: New connection: 192.168.0.102:52415
ee2ae0bcdedc11e6825eb88687461261 [2017-01-20 12:21:55]: Client version: [SSH-2.0-PuTTY_Release_0.67]
ee2ae0bcdedc11e6825eb88687461261 [2017-01-20 12:22:01]: Login succeeded [admin/admin]
ee2ae0bcdedc11e6825eb88687461261 [2017-01-20 12:22:01]: Terminal size: 80x24
ee2ae0bcdedc11e6825eb88687461261 [2017-01-20 12:22:04]: Unknown command [lss]
ee2ae0bcdedc11e6825eb88687461261 [2017-01-20 12:23:58]: Connection lost
4e9d878ce14a11e69344b88687461261 [2017-01-23 14:29:54]: New connection: 192.168.0.102:35459
4e9d878ce14a11e69344b88687461261 [2017-01-23 14:29:54]: Client version: [SSH-2.0-PuTTY_Release_0.67]
4e9d878ce14a11e69344b88687461261 [2017-01-23 14:30:01]: Login succeeded [user/user]
4e9d878ce14a11e69344b88687461261 [2017-01-23 14:30:01]: Terminal size: 80x24
4e9d878ce14a11e69344b88687461261 [2017-01-23 14:30:17]: Unknown command [Ls]
4e9d878ce14a11e69344b88687461261 [2017-01-23 14:30:21]: Command [ls]
4e9d878ce14a11e69344b88687461261 [2017-01-23 14:30:30]: Command [top]
4e9d878ce14a11e69344b88687461261 [2017-01-23 14:30:33]: Command [reboot]
4e9d878ce14a11e69344b88687461261 [2017-01-23 14:48:20]: Command [exit]
4e9d878ce14a11e69344b88687461261 [2017-01-23 14:48:20]: Connection lost
c7966860f4dd11e68ee5b88687461261 [2017-02-17 12:23:25]: New connection: 200.200.200.5:52712
c7966860f4dd11e68ee5b88687461261 [2017-02-17 12:23:25]: Client version: [SSH-2.0-PuTTY_Release_0.67]
d2c5a43af4dd11e68ee5b88687461261 [2017-02-17 12:23:44]: New connection: 200.200.200.5:51003
d2c5a43af4dd11e68ee5b88687461261 [2017-02-17 12:23:44]: Client version: [SSH-2.0-PuTTY_Release_0.67]
d2c5a43af4dd11e68ee5b88687461261 [2017-02-17 12:23:50]: Login succeeded [admin/admin]
d2c5a43af4dd11e68ee5b88687461261 [2017-02-17 12:23:50]: Terminal size: 80x24
d2c5a43af4dd11e68ee5b88687461261 [2017-02-17 12:23:59]: Command [ifconfig]
d2c5a43af4dd11e68ee5b88687461261 [2017-02-17 12:24:35]: Command [top]
d2c5a43af4dd11e68ee5b88687461261 [2017-02-17 12:24:43]: Command [top]
d2c5a43af4dd11e68ee5b88687461261 [2017-02-17 12:24:43]: Command [top]
d2c5a43af4dd11e68ee5b88687461261 [2017-02-17 12:24:43]: Command [reboot]
d2c5a43af4dd11e68ee5b88687461261 [2017-02-17 12:24:46]: Command [reboot]
d2c5a43af4dd11e68ee5b88687461261 [2017-02-17 12:25:04]: Connection lost
15cdd3a6f4de11e68ee5b88687461261 [2017-02-17 12:25:36]: New connection: 200.200.200.3:38252
15cdd3a6f4de11e68ee5b88687461261 [2017-02-17 12:25:37]: Client version: [SSH-2.0-JuiceSSH]
15cdd3a6f4de11e68ee5b88687461261 [2017-02-17 12:25:37]: Connection lost
176022bef4de11e68ee5b88687461261 [2017-02-17 12:25:39]: New connection: 200.200.200.3:45264
176022bef4de11e68ee5b88687461261 [2017-02-17 12:25:39]: Client version: [SSH-2.0-JuiceSSH]
176022bef4de11e68ee5b88687461261 [2017-02-17 12:25:40]: Login succeeded [admin/admin]
176022bef4de11e68ee5b88687461261 [2017-02-17 12:25:40]: Terminal size: 80x24
176022bef4de11e68ee5b88687461261 [2017-02-17 12:25:47]: Command [reboot]
176022bef4de11e68ee5b88687461261 [2017-02-17 12:26:13]: Command [ifconfig]
9b9d078af4df11e68ee5b88687461261 [2017-02-17 12:36:30]: New connection: 200.200.200.3:41505
9b9d078af4df11e68ee5b88687461261 [2017-02-17 12:36:31]: Client version: [SSH-2.0-JuiceSSH]
9b9d078af4df11e68ee5b88687461261 [2017-02-17 12:36:32]: Connection lost
aa51ca04f4df11e68ee5b88687461261 [2017-02-17 12:36:55]: New connection: 200.200.200.3:45408
aa51ca04f4df11e68ee5b88687461261 [2017-02-17 12:36:55]: Client version: [SSH-2.0-JuiceSSH]
aa51ca04f4df11e68ee5b88687461261 [2017-02-17 12:36:57]: Connection lost
b3c79d16f4df11e68ee5b88687461261 [2017-02-17 12:37:11]: New connection: 200.200.200.3:39458
b3c79d16f4df11e68ee5b88687461261 [2017-02-17 12:37:11]: Client version: [SSH-2.0-JuiceSSH]
b3c79d16f4df11e68ee5b88687461261 [2017-02-17 12:37:13]: Connection lost
b7ef00b4f4df11e68ee5b88687461261 [2017-02-17 12:37:18]: New connection: 200.200.200.3:47563
b7ef00b4f4df11e68ee5b88687461261 [2017-02-17 12:37:18]: Client version: [SSH-2.0-JuiceSSH]
b7ef00b4f4df11e68ee5b88687461261 [2017-02-17 12:37:20]: Connection lost
bb78c9a4f4df11e68ee5b88687461261 [2017-02-17 12:37:24]: New connection: 200.200.200.3:47967
bb78c9a4f4df11e68ee5b88687461261 [2017-02-17 12:37:24]: Client version: [SSH-2.0-JuiceSSH]
bb78c9a4f4df11e68ee5b88687461261 [2017-02-17 12:37:26]: Connection lost
d10e68aaf4df11e68ee5b88687461261 [2017-02-17 12:38:00]: New connection: 200.200.200.3:44832
d10e68aaf4df11e68ee5b88687461261 [2017-02-17 12:38:00]: Client version: [SSH-2.0-JuiceSSH]
d10e68aaf4df11e68ee5b88687461261 [2017-02-17 12:38:04]: Connection lost
da1d7166f4df11e68ee5b88687461261 [2017-02-17 12:38:15]: New connection: 200.200.200.3:40652
da1d7166f4df11e68ee5b88687461261 [2017-02-17 12:38:16]: Client version: [SSH-2.0-JuiceSSH]
da1d7166f4df11e68ee5b88687461261 [2017-02-17 12:38:22]: Connection lost
e19055bcf4df11e68ee5b88687461261 [2017-02-17 12:38:28]: New connection: 200.200.200.3:40434
e19055bcf4df11e68ee5b88687461261 [2017-02-17 12:38:28]: Client version: [SSH-2.0-JuiceSSH]
e19055bcf4df11e68ee5b88687461261 [2017-02-17 12:38:31]: Connection lost
e7de23fef4df11e68ee5b88687461261 [2017-02-17 12:38:38]: New connection: 200.200.200.3:40162
e7de23fef4df11e68ee5b88687461261 [2017-02-17 12:38:38]: Client version: [SSH-2.0-JuiceSSH]
e7de23fef4df11e68ee5b88687461261 [2017-02-17 12:38:41]: Connection lost
edd4a47cf4df11e68ee5b88687461261 [2017-02-17 12:38:48]: New connection: 200.200.200.3:47380
edd4a47cf4df11e68ee5b88687461261 [2017-02-17 12:38:49]: Client version: [SSH-2.0-JuiceSSH]
edd4a47cf4df11e68ee5b88687461261 [2017-02-17 12:38:53]: Connection lost
f74aecf0f4df11e68ee5b88687461261 [2017-02-17 12:39:04]: New connection: 200.200.200.3:45354
f74aecf0f4df11e68ee5b88687461261 [2017-02-17 12:39:04]: Client version: [SSH-2.0-JuiceSSH]
f74aecf0f4df11e68ee5b88687461261 [2017-02-17 12:39:08]: Connection lost
331cd0e0f4e011e68ee5b88687461261 [2017-02-17 12:40:44]: New connection: 200.200.200.3:46732
331cd0e0f4e011e68ee5b88687461261 [2017-02-17 12:40:45]: Client version: [SSH-2.0-JuiceSSH]
331cd0e0f4e011e68ee5b88687461261 [2017-02-17 12:40:47]: Connection lost
40a39ba4f4e011e68ee5b88687461261 [2017-02-17 12:41:07]: New connection: 200.200.200.3:44572
40a39ba4f4e011e68ee5b88687461261 [2017-02-17 12:41:07]: Client version: [SSH-2.0-JuiceSSH]
40a39ba4f4e011e68ee5b88687461261 [2017-02-17 12:41:08]: Login succeeded [admin/admin]
40a39ba4f4e011e68ee5b88687461261 [2017-02-17 12:41:08]: Terminal size: 80x24
40a39ba4f4e011e68ee5b88687461261 [2017-02-17 12:41:24]: Connection lost
4c3ecc4af4e011e68ee5b88687461261 [2017-02-17 12:41:27]: New connection: 200.200.200.3:44157
4c3ecc4af4e011e68ee5b88687461261 [2017-02-17 12:41:27]: Client version: [SSH-2.0-JuiceSSH]
4c3ecc4af4e011e68ee5b88687461261 [2017-02-17 12:41:28]: Login succeeded [admin/admin]
4c3ecc4af4e011e68ee5b88687461261 [2017-02-17 12:41:28]: Terminal size: 80x24
4c3ecc4af4e011e68ee5b88687461261 [2017-02-17 12:41:32]: Connection lost
57516322f4e011e68ee5b88687461261 [2017-02-17 12:41:45]: New connection: 200.200.200.3:44818
57516322f4e011e68ee5b88687461261 [2017-02-17 12:41:46]: Client version: [SSH-2.0-JuiceSSH]
57516322f4e011e68ee5b88687461261 [2017-02-17 12:41:46]: Login succeeded [indra/indra123]
57516322f4e011e68ee5b88687461261 [2017-02-17 12:41:46]: Terminal size: 80x24
73ea9f12f4e011e68ee5b88687461261 [2017-02-17 12:42:33]: New connection: 200.200.200.5:55315
73ea9f12f4e011e68ee5b88687461261 [2017-02-17 12:42:37]: Client version: [SSH-2.0-JuiceSSH]
73ea9f12f4e011e68ee5b88687461261 [2017-02-17 12:42:38]: Connection lost
77e20934f4e011e68ee5b88687461261 [2017-02-17 12:42:40]: New connection: 200.200.200.5:48401
77e20934f4e011e68ee5b88687461261 [2017-02-17 12:42:43]: Client version: [SSH-2.0-JuiceSSH]
77e20934f4e011e68ee5b88687461261 [2017-02-17 12:42:44]: Login succeeded [admin/admin]
77e20934f4e011e68ee5b88687461261 [2017-02-17 12:42:44]: Terminal size: 80x24
77e20934f4e011e68ee5b88687461261 [2017-02-17 12:43:26]: Command [mkdir hutyapaaa]
57516322f4e011e68ee5b88687461261 [2017-02-17 12:43:28]: Command [mkdir 000]
57516322f4e011e68ee5b88687461261 [2017-02-17 12:43:49]: Connection lost
77e20934f4e011e68ee5b88687461261 [2017-02-17 12:44:34]: Unknown command [tpop]
77e20934f4e011e68ee5b88687461261 [2017-02-17 12:44:47]: Unknown command [op]
77e20934f4e011e68ee5b88687461261 [2017-02-17 12:44:54]: Connection lost
df889ea6f4e311e68ee5b88687461261 [2017-02-17 13:07:02]: New connection: 200.200.200.3:37775
e3a5c9f0f4e311e68ee5b88687461261 [2017-02-17 13:07:09]: New connection: 200.200.200.3:42171
f1244a02f4e311e68ee5b88687461261 [2017-02-17 13:07:32]: New connection: 200.200.200.3:44059
49b359e2f4e411e68ee5b88687461261 [2017-02-17 13:10:00]: New connection: 200.200.200.3:44643
54ede48af4e411e68ee5b88687461261 [2017-02-17 13:10:19]: New connection: 200.200.200.3:39580
6f7b2de4f4e411e68ee5b88687461261 [2017-02-17 13:11:04]: New connection: 200.200.200.9:54892
6f7b2de4f4e411e68ee5b88687461261 [2017-02-17 13:11:04]: Connection lost
87b664e6f4e411e68ee5b88687461261 [2017-02-17 13:11:44]: New connection: 200.200.200.9:55538
87b664e6f4e411e68ee5b88687461261 [2017-02-17 13:11:54]: Connection lost
9255e4d0f4e411e68ee5b88687461261 [2017-02-17 13:12:02]: New connection: 200.200.200.5:37241
9255e4d0f4e411e68ee5b88687461261 [2017-02-17 13:12:03]: Client version: [SSH-2.0-JuiceSSH]
9255e4d0f4e411e68ee5b88687461261 [2017-02-17 13:12:04]: Login succeeded [admin/admin]
9255e4d0f4e411e68ee5b88687461261 [2017-02-17 13:12:04]: Terminal size: 80x24
a446db40f4e411e68ee5b88687461261 [2017-02-17 13:12:32]: New connection: 200.200.200.5:53602
a446db40f4e411e68ee5b88687461261 [2017-02-17 13:12:33]: Client version: [SSH-2.0-JuiceSSH]
a446db40f4e411e68ee5b88687461261 [2017-02-17 13:13:46]: Login succeeded [admin/admin]
a446db40f4e411e68ee5b88687461261 [2017-02-17 13:13:54]: Terminal size: 80x24
e94d0bdcf4e511e68ee5b88687461261 [2017-02-17 13:21:38]: New connection: 200.200.200.5:46202
e94d0bdcf4e511e68ee5b88687461261 [2017-02-17 13:21:39]: Client version: [SSH-2.0-JuiceSSH]
e94d0bdcf4e511e68ee5b88687461261 [2017-02-17 13:21:46]: Login succeeded [admin/admin]
e94d0bdcf4e511e68ee5b88687461261 [2017-02-17 13:21:46]: Terminal size: 80x24
e94d0bdcf4e511e68ee5b88687461261 [2017-02-17 13:22:41]: Unknown command [Ahey]
12af4c1af4e611e68ee5b88687461261 [2017-02-17 13:22:47]: New connection: 200.200.200.5:51149
12af4c1af4e611e68ee5b88687461261 [2017-02-17 13:22:48]: Client version: [SSH-2.0-JuiceSSH]
12af4c1af4e611e68ee5b88687461261 [2017-02-17 13:22:52]: Login succeeded [admin/admin]
12af4c1af4e611e68ee5b88687461261 [2017-02-17 13:22:53]: Terminal size: 80x24
12af4c1af4e611e68ee5b88687461261 [2017-02-17 13:22:56]: Connection lost
54ede48af4e411e68ee5b88687461261 [2017-02-17 13:41:25]: Connection lost
df889ea6f4e311e68ee5b88687461261 [2017-02-17 13:41:25]: Connection lost
f1244a02f4e311e68ee5b88687461261 [2017-02-17 13:41:25]: Connection lost
e3a5c9f0f4e311e68ee5b88687461261 [2017-02-17 13:41:25]: Connection lost
49b359e2f4e411e68ee5b88687461261 [2017-02-17 13:41:25]: Connection lost
e80bec02ff1c11e6b019b88687461261 [2017-03-02 13:20:29]: New connection: 192.168.137.95:44210
e80bec02ff1c11e6b019b88687461261 [2017-03-02 13:20:30]: Client version: [SSH-2.0-JuiceSSH]
e80bec02ff1c11e6b019b88687461261 [2017-03-02 13:20:31]: Connection lost
e9a79c14ff1c11e6b019b88687461261 [2017-03-02 13:20:32]: New connection: 192.168.137.95:47009
e9a79c14ff1c11e6b019b88687461261 [2017-03-02 13:20:32]: Client version: [SSH-2.0-JuiceSSH]
e9a79c14ff1c11e6b019b88687461261 [2017-03-02 13:20:36]: Login succeeded [admin/admin]
e9a79c14ff1c11e6b019b88687461261 [2017-03-02 13:20:36]: Terminal size: 80x24
e9a79c14ff1c11e6b019b88687461261 [2017-03-02 13:20:46]: Command [reboot]
e9a79c14ff1c11e6b019b88687461261 [2017-03-02 15:33:34]: Connection lost
0d60e3260a4011e79ee15c93a2b3264b [2017-03-16 17:29:47]: New connection: 200.200.200.2:43034
0d60e3260a4011e79ee15c93a2b3264b [2017-03-16 17:29:48]: Client version: [SSH-2.0-JuiceSSH]
0d60e3260a4011e79ee15c93a2b3264b [2017-03-16 17:29:48]: Login succeeded [root/root]
0d60e3260a4011e79ee15c93a2b3264b [2017-03-16 17:29:48]: Terminal size: 80x24
0d60e3260a4011e79ee15c93a2b3264b [2017-03-16 17:29:52]: Unknown command [hi]
0d60e3260a4011e79ee15c93a2b3264b [2017-03-16 17:30:03]: Command [ls]
0d60e3260a4011e79ee15c93a2b3264b [2017-03-16 21:14:18]: Connection lost
2eee224a0cd111e78f3c5c93a2b3264b [2017-03-19 23:53:43]: New connection: 200.200.200.2:45713
2eee224a0cd111e78f3c5c93a2b3264b [2017-03-19 23:53:43]: Client version: [SSH-2.0-JuiceSSH]
2eee224a0cd111e78f3c5c93a2b3264b [2017-03-19 23:53:44]: Login succeeded [root/root]
2eee224a0cd111e78f3c5c93a2b3264b [2017-03-19 23:53:44]: Terminal size: 80x24
2eee224a0cd111e78f3c5c93a2b3264b [2017-03-19 23:53:52]: Unknown command [hi]
2eee224a0cd111e78f3c5c93a2b3264b [2017-03-19 23:54:01]: Command [reboot]
2eee224a0cd111e78f3c5c93a2b3264b [2017-03-19 23:54:13]: Command [shutdown 00]
2eee224a0cd111e78f3c5c93a2b3264b [2017-03-19 23:54:22]: Unknown command [ahutdown]
2eee224a0cd111e78f3c5c93a2b3264b [2017-03-19 23:54:31]: Command [shutdown]
2eee224a0cd111e78f3c5c93a2b3264b [2017-03-19 23:54:41]: Command [shutdown --help]
2eee224a0cd111e78f3c5c93a2b3264b [2017-03-19 23:55:11]: Command [shutdown -f]
2eee224a0cd111e78f3c5c93a2b3264b [2017-03-20 00:22:43]: Connection lost
58d16bea0cd511e78f3c5c93a2b3264b [2017-03-20 00:23:31]: New connection: 200.200.200.2:49199
58d16bea0cd511e78f3c5c93a2b3264b [2017-03-20 00:23:31]: Client version: [SSH-2.0-JuiceSSH]
58d16bea0cd511e78f3c5c93a2b3264b [2017-03-20 00:23:33]: Login succeeded [root/root]
58d16bea0cd511e78f3c5c93a2b3264b [2017-03-20 00:23:33]: Terminal size: 80x24
58d16bea0cd511e78f3c5c93a2b3264b [2017-03-20 00:23:37]: Unknown command [mk]
58d16bea0cd511e78f3c5c93a2b3264b [2017-03-20 01:02:03]: Connection lost
4522fad40d9111e7b5695c93a2b3264b [2017-03-20 22:48:43]: New connection: 200.200.200.3:37619
4522fad40d9111e7b5695c93a2b3264b [2017-03-20 22:48:44]: Client version: [SSH-2.0-JuiceSSH]
4522fad40d9111e7b5695c93a2b3264b [2017-03-20 22:48:46]: Login succeeded [root/root]
4522fad40d9111e7b5695c93a2b3264b [2017-03-20 22:48:46]: Terminal size: 80x24
4522fad40d9111e7b5695c93a2b3264b [2017-03-20 22:48:52]: Command [mkdir]
4522fad40d9111e7b5695c93a2b3264b [2017-03-20 22:51:21]: Connection lost
e05f75e00d9111e7b5695c93a2b3264b [2017-03-20 22:53:04]: New connection: 200.200.200.3:45769
e05f75e00d9111e7b5695c93a2b3264b [2017-03-20 22:53:04]: Client version: [SSH-2.0-JuiceSSH]
e05f75e00d9111e7b5695c93a2b3264b [2017-03-20 22:53:14]: Login succeeded [root/root]
e05f75e00d9111e7b5695c93a2b3264b [2017-03-20 22:53:14]: Terminal size: 80x24
e05f75e00d9111e7b5695c93a2b3264b [2017-03-20 22:53:18]: Command [mkdir]
e05f75e00d9111e7b5695c93a2b3264b [2017-03-20 22:55:00]: Command [ls]
e05f75e00d9111e7b5695c93a2b3264b [2017-03-20 22:59:52]: Connection lost
ee17fb840d9211e7b5695c93a2b3264b [2017-03-20 23:00:36]: New connection: 200.200.200.3:39691
ee17fb840d9211e7b5695c93a2b3264b [2017-03-20 23:00:37]: Client version: [SSH-2.0-JuiceSSH]
ee17fb840d9211e7b5695c93a2b3264b [2017-03-20 23:00:39]: Login succeeded [root/root]
ee17fb840d9211e7b5695c93a2b3264b [2017-03-20 23:00:39]: Terminal size: 80x24
ee17fb840d9211e7b5695c93a2b3264b [2017-03-20 23:00:47]: Command [mkdir]
ee17fb840d9211e7b5695c93a2b3264b [2017-03-20 23:00:52]: Unknown command [fail]
ee17fb840d9211e7b5695c93a2b3264b [2017-03-20 23:01:07]: Command [wget file.tzt]
ee17fb840d9211e7b5695c93a2b3264b [2017-03-20 23:01:57]: Command [wget speedtest.ttml.co.in/files/5M.exe]
ee17fb840d9211e7b5695c93a2b3264b [2017-03-20 23:02:02]: File download: [http://speedtest.ttml.co.in/files/5M.exe] -> dl/20170320230157_http___speedtest_ttml_co_in_files_5M_exe
ee17fb840d9211e7b5695c93a2b3264b [2017-03-20 23:02:32]: Command [ls]
ee17fb840d9211e7b5695c93a2b3264b [2017-03-20 23:02:35]: Command [wget speedtest.ttml.co.in/files/5M.exe]
ee17fb840d9211e7b5695c93a2b3264b [2017-03-20 23:02:39]: File download: [http://speedtest.ttml.co.in/files/5M.exe] -> dl/20170320230235_http___speedtest_ttml_co_in_files_5M_exe
ee17fb840d9211e7b5695c93a2b3264b [2017-03-20 23:25:04]: Connection lost
4cbf22c40de911e783a35c93a2b3264b [2017-03-21 09:18:52]: New connection: 200.200.200.2:44376
4cbf22c40de911e783a35c93a2b3264b [2017-03-21 09:18:52]: Client version: [SSH-2.0-JuiceSSH]
4cbf22c40de911e783a35c93a2b3264b [2017-03-21 09:18:55]: Login succeeded [root/root]
4cbf22c40de911e783a35c93a2b3264b [2017-03-21 09:18:55]: Terminal size: 80x24
4cbf22c40de911e783a35c93a2b3264b [2017-03-21 09:21:51]: Command [mkdir]
4cbf22c40de911e783a35c93a2b3264b [2017-03-21 09:22:09]: Command [mkdir]
4cbf22c40de911e783a35c93a2b3264b [2017-03-21 09:22:17]: Command [su]
4cbf22c40de911e783a35c93a2b3264b [2017-03-21 09:22:21]: Unknown command [sudo -s]
4cbf22c40de911e783a35c93a2b3264b [2017-03-21 09:22:27]: Unknown command [au jarvis]
4cbf22c40de911e783a35c93a2b3264b [2017-03-21 09:22:32]: Command [ifconfig]
4cbf22c40de911e783a35c93a2b3264b [2017-03-21 09:25:46]: Connection lost
f324411613d011e7a2fd5c93a2b3264b [2017-03-28 21:39:41]: New connection: 200.200.200.2:46280
f324411613d011e7a2fd5c93a2b3264b [2017-03-28 21:39:41]: Client version: [SSH-2.0-JuiceSSH]
f324411613d011e7a2fd5c93a2b3264b [2017-03-28 21:39:42]: Login succeeded [root/root]
f324411613d011e7a2fd5c93a2b3264b [2017-03-28 21:39:42]: Terminal size: 80x24
f324411613d011e7a2fd5c93a2b3264b [2017-03-28 21:39:45]: Unknown command [gg]
f324411613d011e7a2fd5c93a2b3264b [2017-03-28 21:39:57]: Unknown command [hi]
78cc1c6413d411e7a2fd5c93a2b3264b [2017-03-28 22:04:53]: New connection: 200.200.200.2:49820
78cc1c6413d411e7a2fd5c93a2b3264b [2017-03-28 22:04:54]: Client version: [SSH-2.0-JuiceSSH]
78cc1c6413d411e7a2fd5c93a2b3264b [2017-03-28 22:04:55]: Login succeeded [root/root]
78cc1c6413d411e7a2fd5c93a2b3264b [2017-03-28 22:04:55]: Terminal size: 80x24
7d776f8e13d411e7a2fd5c93a2b3264b [2017-03-28 22:05:01]: New connection: 200.200.200.2:37895
7d776f8e13d411e7a2fd5c93a2b3264b [2017-03-28 22:05:01]: Client version: [SSH-2.0-JuiceSSH]
7d776f8e13d411e7a2fd5c93a2b3264b [2017-03-28 22:05:03]: Login succeeded [root/root]
7d776f8e13d411e7a2fd5c93a2b3264b [2017-03-28 22:05:03]: Terminal size: 80x24
8a28c4ee13d411e7a2fd5c93a2b3264b [2017-03-28 22:05:22]: New connection: 200.200.200.2:45301
8a28c4ee13d411e7a2fd5c93a2b3264b [2017-03-28 22:05:23]: Client version: [SSH-2.0-JuiceSSH]
8a28c4ee13d411e7a2fd5c93a2b3264b [2017-03-28 22:05:25]: Login succeeded [admin/admin]
8a28c4ee13d411e7a2fd5c93a2b3264b [2017-03-28 22:05:25]: Terminal size: 80x24
8a28c4ee13d411e7a2fd5c93a2b3264b [2017-03-28 22:05:38]: Unknown command [ggt]
7d776f8e13d411e7a2fd5c93a2b3264b [2017-03-28 22:06:26]: Connection lost
8a28c4ee13d411e7a2fd5c93a2b3264b [2017-03-28 22:06:33]: Connection lost
78cc1c6413d411e7a2fd5c93a2b3264b [2017-03-28 22:06:38]: Connection lost
f324411613d011e7a2fd5c93a2b3264b [2017-03-28 22:06:43]: Connection lost
bec4a9b613d411e7a2fd5c93a2b3264b [2017-03-28 22:06:51]: New connection: 200.200.200.2:41906
bec4a9b613d411e7a2fd5c93a2b3264b [2017-03-28 22:06:51]: Client version: [SSH-2.0-JuiceSSH]
bec4a9b613d411e7a2fd5c93a2b3264b [2017-03-28 22:06:54]: Login succeeded [admin/admin]
bec4a9b613d411e7a2fd5c93a2b3264b [2017-03-28 22:06:54]: Terminal size: 80x24
415bb27a13d511e7a2fd5c93a2b3264b [2017-03-28 22:10:30]: New connection: 200.200.200.2:46767
415bb27a13d511e7a2fd5c93a2b3264b [2017-03-28 22:10:30]: Client version: [SSH-2.0-JuiceSSH]
415bb27a13d511e7a2fd5c93a2b3264b [2017-03-28 22:10:31]: Login succeeded [admin/admin]
415bb27a13d511e7a2fd5c93a2b3264b [2017-03-28 22:10:31]: Terminal size: 80x24
415bb27a13d511e7a2fd5c93a2b3264b [2017-03-28 22:10:44]: Unknown command [hu]
415bb27a13d511e7a2fd5c93a2b3264b [2017-03-28 22:40:11]: Connection lost
bec4a9b613d411e7a2fd5c93a2b3264b [2017-03-28 22:40:16]: Connection lost
6bc141b613d911e7a2fd5c93a2b3264b [2017-03-28 22:40:19]: New connection: 200.200.200.2:48107
6bc141b613d911e7a2fd5c93a2b3264b [2017-03-28 22:40:19]: Client version: [SSH-2.0-JuiceSSH]
6bc141b613d911e7a2fd5c93a2b3264b [2017-03-28 22:40:20]: Login succeeded [admin/admin]
6bc141b613d911e7a2fd5c93a2b3264b [2017-03-28 22:40:20]: Terminal size: 80x24
6bc141b613d911e7a2fd5c93a2b3264b [2017-03-28 23:25:06]: Connection lost
b3b57a3613df11e7a2fd5c93a2b3264b [2017-03-28 23:25:17]: New connection: 200.200.200.2:44746
b3b57a3613df11e7a2fd5c93a2b3264b [2017-03-28 23:25:17]: Client version: [SSH-2.0-JuiceSSH]
b3b57a3613df11e7a2fd5c93a2b3264b [2017-03-28 23:25:18]: Login succeeded [admin/admin]
b3b57a3613df11e7a2fd5c93a2b3264b [2017-03-28 23:25:18]: Terminal size: 80x24
b3b57a3613df11e7a2fd5c93a2b3264b [2017-03-28 23:25:27]: Connection lost
cc84543813df11e7a2fd5c93a2b3264b [2017-03-28 23:25:58]: New connection: 200.200.200.2:37669
cc84543813df11e7a2fd5c93a2b3264b [2017-03-28 23:25:59]: Client version: [SSH-2.0-JuiceSSH]
cc84543813df11e7a2fd5c93a2b3264b [2017-03-28 23:25:59]: Login succeeded [indra/indra123]
cc84543813df11e7a2fd5c93a2b3264b [2017-03-28 23:25:59]: Terminal size: 80x24
cc84543813df11e7a2fd5c93a2b3264b [2017-03-28 23:26:03]: Unknown command [a]
cc84543813df11e7a2fd5c93a2b3264b [2017-03-28 23:38:46]: Connection lost
9759f34c13e111e7a2fd5c93a2b3264b [2017-03-28 23:38:48]: New connection: 200.200.200.2:39260
9759f34c13e111e7a2fd5c93a2b3264b [2017-03-28 23:38:48]: Client version: [SSH-2.0-JuiceSSH]
9759f34c13e111e7a2fd5c93a2b3264b [2017-03-28 23:38:49]: Login succeeded [indra/indra123]
9759f34c13e111e7a2fd5c93a2b3264b [2017-03-28 23:38:49]: Terminal size: 80x24
9759f34c13e111e7a2fd5c93a2b3264b [2017-03-28 23:53:31]: Connection lost
d5e96502143611e7a9ef5c93a2b3264b [2017-03-29 09:49:00]: New connection: 200.200.200.3:43437
d5e96502143611e7a9ef5c93a2b3264b [2017-03-29 09:49:01]: Client version: [SSH-2.0-JuiceSSH]
d5e96502143611e7a9ef5c93a2b3264b [2017-03-29 09:49:01]: Login succeeded [indra/indra123]
d5e96502143611e7a9ef5c93a2b3264b [2017-03-29 09:49:01]: Terminal size: 80x24
d5e96502143611e7a9ef5c93a2b3264b [2017-03-29 09:49:13]: Unknown command [k]
d5e96502143611e7a9ef5c93a2b3264b [2017-03-29 09:50:11]: Connection lost
37a5f51c143711e7a9ef5c93a2b3264b [2017-03-29 09:51:44]: New connection: 200.200.200.3:40660
37a5f51c143711e7a9ef5c93a2b3264b [2017-03-29 09:51:45]: Client version: [SSH-2.0-JuiceSSH]
37a5f51c143711e7a9ef5c93a2b3264b [2017-03-29 09:51:45]: Login succeeded [indra/indra123]
37a5f51c143711e7a9ef5c93a2b3264b [2017-03-29 09:51:45]: Terminal size: 80x24
52cb378a143711e7a9ef5c93a2b3264b [2017-03-29 09:52:30]: New connection: 200.200.200.3:47122
52cb378a143711e7a9ef5c93a2b3264b [2017-03-29 09:52:30]: Client version: [SSH-2.0-JuiceSSH]
52cb378a143711e7a9ef5c93a2b3264b [2017-03-29 09:52:31]: Login succeeded [admin/admin]
52cb378a143711e7a9ef5c93a2b3264b [2017-03-29 09:52:31]: Terminal size: 80x24
37a5f51c143711e7a9ef5c93a2b3264b [2017-03-29 09:59:28]: Connection lost
52cb378a143711e7a9ef5c93a2b3264b [2017-03-29 09:59:28]: Connection lost
6f3b483c143811e7a9ef5c93a2b3264b [2017-03-29 10:00:27]: New connection: 200.200.200.3:46864
6f3b483c143811e7a9ef5c93a2b3264b [2017-03-29 10:00:27]: Client version: [SSH-2.0-JuiceSSH]
6f3b483c143811e7a9ef5c93a2b3264b [2017-03-29 10:00:28]: Login succeeded [admin/admin]
6f3b483c143811e7a9ef5c93a2b3264b [2017-03-29 10:00:28]: Terminal size: 80x24
6f3b483c143811e7a9ef5c93a2b3264b [2017-03-29 10:00:36]: Command [mkdir]
6f3b483c143811e7a9ef5c93a2b3264b [2017-03-29 10:00:39]: Command [wget]
6f3b483c143811e7a9ef5c93a2b3264b [2017-03-29 10:01:07]: Connection lost
8d5d5292143811e7a9ef5c93a2b3264b [2017-03-29 10:01:18]: New connection: 200.200.200.3:43577
8d5d5292143811e7a9ef5c93a2b3264b [2017-03-29 10:01:18]: Client version: [SSH-2.0-JuiceSSH]
8d5d5292143811e7a9ef5c93a2b3264b [2017-03-29 10:01:19]: Login succeeded [root/root]
8d5d5292143811e7a9ef5c93a2b3264b [2017-03-29 10:01:19]: Terminal size: 80x24
8d5d5292143811e7a9ef5c93a2b3264b [2017-03-29 10:07:46]: Connection lost
97d3e7ee14a211e7b0385c93a2b3264b [2017-03-29 22:40:22]: New connection: 200.200.200.3:48218
97d3e7ee14a211e7b0385c93a2b3264b [2017-03-29 22:40:22]: Client version: [SSH-2.0-JuiceSSH]
97d3e7ee14a211e7b0385c93a2b3264b [2017-03-29 22:40:23]: Login succeeded [root/root]
97d3e7ee14a211e7b0385c93a2b3264b [2017-03-29 22:40:23]: Terminal size: 80x24
97d3e7ee14a211e7b0385c93a2b3264b [2017-03-29 22:54:09]: Connection lost
8579feee176811e78c2c5c93a2b3264b [2017-04-02 11:22:14]: New connection: 200.200.200.3:37754
8579feee176811e78c2c5c93a2b3264b [2017-04-02 11:22:14]: Client version: [SSH-2.0-JuiceSSH]
8579feee176811e78c2c5c93a2b3264b [2017-04-02 11:22:15]: Login succeeded [root/root]
8579feee176811e78c2c5c93a2b3264b [2017-04-02 11:22:15]: Terminal size: 80x24
8579feee176811e78c2c5c93a2b3264b [2017-04-02 11:22:26]: Unknown command [sudo]
8579feee176811e78c2c5c93a2b3264b [2017-04-02 11:22:34]: Unknown command [audo -s]
8579feee176811e78c2c5c93a2b3264b [2017-04-02 11:22:39]: Unknown command [audo -s]
8579feee176811e78c2c5c93a2b3264b [2017-04-02 11:22:45]: Unknown command [sudo -s]
8579feee176811e78c2c5c93a2b3264b [2017-04-02 11:22:47]: Command [top]
8579feee176811e78c2c5c93a2b3264b [2017-04-02 11:23:12]: Command [wget github.io/user.git]
8579feee176811e78c2c5c93a2b3264b [2017-04-02 11:23:43]: Connection lost
bb89988c176811e78c2c5c93a2b3264b [2017-04-02 11:23:44]: New connection: 200.200.200.3:43430
bb89988c176811e78c2c5c93a2b3264b [2017-04-02 11:23:45]: Client version: [SSH-2.0-JuiceSSH]
bb89988c176811e78c2c5c93a2b3264b [2017-04-02 11:23:45]: Login succeeded [root/root]
bb89988c176811e78c2c5c93a2b3264b [2017-04-02 11:23:45]: Terminal size: 80x24
bb89988c176811e78c2c5c93a2b3264b [2017-04-02 11:24:13]: Command [wget wizard.io/a.txt]
bb89988c176811e78c2c5c93a2b3264b [2017-04-02 11:24:16]: File download: [http://wizard.io/a.txt] -> dl/20170402112413_http___wizard_io_a_txt
bb89988c176811e78c2c5c93a2b3264b [2017-04-02 12:30:23]: Connection lost
